Initial Win CP for (console input, console output, system): (CP850, CP65001, CP1252)
I changed them all to CP1252
Rc files read (in order):
  NONE
Latexmk: This is Latexmk, John Collins, 9 March 2026. Version 4.88.
No existing .aux file, so I'll make a simple one, and require run of *latex.
Latexmk: applying rule 'pdflatex'...
Rule 'pdflatex':  Reasons for rerun
Category 'other':
  Rerun of 'pdflatex' forced or previously required:
    Reason or flag: 'Initial setup'

------------
Run number 1 of rule 'pdflatex'
------------
------------
Running 'pdflatex  --max-print-line=10000 -synctex=1 -interaction=nonstopmode -file-line-error -recorder  "c:/Users/YONI/Desktop/2026-I/Algoritmos Avanzados/2doEntregable/Proyecto_Avanzados/diapos_latex/presentacion_sssp_arreglada.tex"'
------------
This is pdfTeX, Version 3.141592653-2.6-1.40.28 (MiKTeX 25.12) (preloaded format=pdflatex.fmt)
 restricted \write18 enabled.
entering extended mode
(c:/Users/YONI/Desktop/2026-I/Algoritmos Avanzados/2doEntregable/Proyecto_Avanzados/diapos_latex/presentacion_sssp_arreglada.tex
LaTeX2e <2025-11-01>
L3 programming layer <2025-12-24>
(C:\Program Files\MiKTeX\tex/latex/beamer\beamer.cls
Document Class: beamer 2026/01/22 v3.77 A class for typesetting presentations
(C:\Program Files\MiKTeX\tex/latex/beamer\beamerbasemodes.sty (C:\Program Files\MiKTeX\tex/latex/etoolbox\etoolbox.sty) (C:\Program Files\MiKTeX\tex/latex/beamer\beamerbasedecode.sty)) (C:\Program Files\MiKTeX\tex/generic/iftex\iftex.sty) (C:\Program Files\MiKTeX\tex/latex/beamer\beamerbaseoptions.sty (C:\Program Files\MiKTeX\tex/latex/graphics\keyval.sty)) (C:\Program Files\MiKTeX\tex/latex/geometry\geometry.sty (C:\Program Files\MiKTeX\tex/generic/iftex\ifvtex.sty) (C:\Program Files\MiKTeX\tex/latex/geometry\geometry.cfg)) (C:\Program Files\MiKTeX\tex/latex/pgf/math\pgfmath.sty (C:\Program Files\MiKTeX\tex/latex/pgf/utilities\pgfrcs.sty (C:\Program Files\MiKTeX\tex/generic/pgf/utilities\pgfutil-common.tex) (C:\Program Files\MiKTeX\tex/generic/pgf/utilities\pgfutil-latex.def) (C:\Program Files\MiKTeX\tex/generic/pgf/utilities\pgfrcs.code.tex (C:\Program Files\MiKTeX\tex/generic/pgf\pgf.revision.tex))) (C:\Program Files\MiKTeX\tex/latex/pgf/utilities\pgfkeys.sty (C:\Program Files\MiKTeX\tex/generic/pgf/utilities\pgfkeys.code.tex (C:\Program Files\MiKTeX\tex/generic/pgf/utilities\pgfkeyslibraryfiltered.code.tex))) (C:\Program Files\MiKTeX\tex/generic/pgf/math\pgfmath.code.tex (C:\Program Files\MiKTeX\tex/generic/pgf/math\pgfmathutil.code.tex) (C:\Program Files\MiKTeX\tex/generic/pgf/math\pgfmathparser.code.tex) (C:\Program Files\MiKTeX\tex/generic/pgf/math\pgfmathfunctions.code.tex) (C:\Program Files\MiKTeX\tex/generic/pgf/math\pgfmathfunctions.basic.code.tex) (C:\Program Files\MiKTeX\tex/generic/pgf/math\pgfmathfunctions.trigonometric.code.tex) (C:\Program Files\MiKTeX\tex/generic/pgf/math\pgfmathfunctions.random.code.tex) (C:\Program Files\MiKTeX\tex/generic/pgf/math\pgfmathfunctions.comparison.code.tex) (C:\Program Files\MiKTeX\tex/generic/pgf/math\pgfmathfunctions.base.code.tex) (C:\Program Files\MiKTeX\tex/generic/pgf/math\pgfmathfunctions.round.code.tex) (C:\Program Files\MiKTeX\tex/generic/pgf/math\pgfmathfunctions.misc.code.tex) (C:\Program Files\MiKTeX\tex/generic/pgf/math\pgfmathfunctions.integerarithmetics.code.tex) (C:\Program Files\MiKTeX\tex/generic/pgf/math\pgfmathcalc.code.tex) (C:\Program Files\MiKTeX\tex/generic/pgf/math\pgfmathfloat.code.tex))) (C:\Program Files\MiKTeX\tex/latex/base\size12.clo) (C:\Program Files\MiKTeX\tex/latex/pgf/basiclayer\pgfcore.sty (C:\Program Files\MiKTeX\tex/latex/graphics\graphicx.sty (C:\Program Files\MiKTeX\tex/latex/graphics\graphics.sty (C:\Program Files\MiKTeX\tex/latex/graphics\trig.sty) (C:\Program Files\MiKTeX\tex/latex/graphics-cfg\graphics.cfg) (C:\Program Files\MiKTeX\tex/latex/graphics-def\pdftex.def))) (C:\Program Files\MiKTeX\tex/latex/pgf/systemlayer\pgfsys.sty (C:\Program Files\MiKTeX\tex/generic/pgf/systemlayer\pgfsys.code.tex (C:\Program Files\MiKTeX\tex/generic/pgf/systemlayer\pgf.cfg) (C:\Program Files\MiKTeX\tex/generic/pgf/systemlayer\pgfsys-pdftex.def (C:\Program Files\MiKTeX\tex/generic/pgf/systemlayer\pgfsys-common-pdf.def))) (C:\Program Files\MiKTeX\tex/generic/pgf/systemlayer\pgfsyssoftpath.code.tex) (C:\Program Files\MiKTeX\tex/generic/pgf/systemlayer\pgfsysprotocol.code.tex)) (C:\Program Files\MiKTeX\tex/latex/xcolor\xcolor.sty (C:\Program Files\MiKTeX\tex/latex/graphics-cfg\color.cfg) (C:\Program Files\MiKTeX\tex/latex/graphics\mathcolor.ltx)) (C:\Program Files\MiKTeX\tex/generic/pgf/basiclayer\pgfcore.code.tex (C:\Program Files\MiKTeX\tex/generic/pgf/math\pgfint.code.tex) (C:\Program Files\MiKTeX\tex/generic/pgf/basiclayer\pgfcorepoints.code.tex) (C:\Program Files\MiKTeX\tex/generic/pgf/basiclayer\pgfcorepathconstruct.code.tex) (C:\Program Files\MiKTeX\tex/generic/pgf/basiclayer\pgfcorepathusage.code.tex) (C:\Program Files\MiKTeX\tex/generic/pgf/basiclayer\pgfcorescopes.code.tex) (C:\Program Files\MiKTeX\tex/generic/pgf/basiclayer\pgfcoregraphicstate.code.tex) (C:\Program Files\MiKTeX\tex/generic/pgf/basiclayer\pgfcoretransformations.code.tex) (C:\Program Files\MiKTeX\tex/generic/pgf/basiclayer\pgfcorequick.code.tex) (C:\Program Files\MiKTeX\tex/generic/pgf/basiclayer\pgfcoreobjects.code.tex) (C:\Program Files\MiKTeX\tex/generic/pgf/basiclayer\pgfcorepathprocessing.code.tex) (C:\Program Files\MiKTeX\tex/generic/pgf/basiclayer\pgfcorearrows.code.tex) (C:\Program Files\MiKTeX\tex/generic/pgf/basiclayer\pgfcoreshade.code.tex) (C:\Program Files\MiKTeX\tex/generic/pgf/basiclayer\pgfcoreimage.code.tex) (C:\Program Files\MiKTeX\tex/generic/pgf/basiclayer\pgfcoreexternal.code.tex) (C:\Program Files\MiKTeX\tex/generic/pgf/basiclayer\pgfcorelayers.code.tex) (C:\Program Files\MiKTeX\tex/generic/pgf/basiclayer\pgfcoretransparency.code.tex) (C:\Program Files\MiKTeX\tex/generic/pgf/basiclayer\pgfcorepatterns.code.tex) (C:\Program Files\MiKTeX\tex/generic/pgf/basiclayer\pgfcorerdf.code.tex))) (C:\Program Files\MiKTeX\tex/latex/pgf/utilities\xxcolor.sty) (C:\Program Files\MiKTeX\tex/latex/base\atbegshi-ltx.sty) (C:\Program Files\MiKTeX\tex/latex/hyperref\hyperref.sty (C:\Program Files\MiKTeX\tex/latex/kvsetkeys\kvsetkeys.sty) (C:\Program Files\MiKTeX\tex/generic/kvdefinekeys\kvdefinekeys.sty) (C:\Program Files\MiKTeX\tex/generic/pdfescape\pdfescape.sty (C:\Program Files\MiKTeX\tex/generic/ltxcmds\ltxcmds.sty) (C:\Program Files\MiKTeX\tex/generic/pdftexcmds\pdftexcmds.sty (C:\Program Files\MiKTeX\tex/generic/infwarerr\infwarerr.sty))) (C:\Program Files\MiKTeX\tex/latex/hycolor\hycolor.sty) (C:\Program Files\MiKTeX\tex/latex/hyperref\nameref.sty (C:\Program Files\MiKTeX\tex/latex/refcount\refcount.sty) (C:\Program Files\MiKTeX\tex/generic/gettitlestring\gettitlestring.sty (C:\Program Files\MiKTeX\tex/latex/kvoptions\kvoptions.sty))) (C:\Program Files\MiKTeX\tex/generic/stringenc\stringenc.sty) (C:\Program Files\MiKTeX\tex/latex/hyperref\pd1enc.def) (C:\Program Files\MiKTeX\tex/generic/intcalc\intcalc.sty) (C:\Program Files\MiKTeX\tex/latex/hyperref\puenc.def) (C:\Program Files\MiKTeX\tex/latex/url\url.sty) (C:\Program Files\MiKTeX\tex/generic/bitset\bitset.sty (C:\Program Files\MiKTeX\tex/generic/bigintcalc\bigintcalc.sty))

Package hyperref Message: Stopped early.

) (C:\Program Files\MiKTeX\tex/latex/hyperref\hpdftex.def (C:\Program Files\MiKTeX\tex/latex/rerunfilecheck\rerunfilecheck.sty (C:\Program Files\MiKTeX\tex/generic/uniquecounter\uniquecounter.sty))) (C:\Program Files\MiKTeX\tex/latex/beamer\beamerbaserequires.sty (C:\Program Files\MiKTeX\tex/latex/beamer\beamerbasecompatibility.sty) (C:\Program Files\MiKTeX\tex/latex/beamer\beamerbasefont.sty (C:\Program Files\MiKTeX\tex/latex/amsfonts\amssymb.sty (C:\Program Files\MiKTeX\tex/latex/amsfonts\amsfonts.sty)) (C:\Program Files\MiKTeX\tex/latex/sansmathaccent\sansmathaccent.sty (C:\Program Files\MiKTeX\tex/latex/koma-script\scrlfile.sty (C:\Program Files\MiKTeX\tex/latex/koma-script\scrlfile-hook.sty (C:\Program Files\MiKTeX\tex/latex/koma-script\scrlogo.sty))))) (C:\Program Files\MiKTeX\tex/latex/beamer\beamerbasetranslator.sty (C:\Program Files\MiKTeX\tex/latex/translator\translator.sty)) (C:\Program Files\MiKTeX\tex/latex/beamer\beamerbasemisc.sty) (C:\Program Files\MiKTeX\tex/latex/beamer\beamerbasetwoscreens.sty) (C:\Program Files\MiKTeX\tex/latex/beamer\beamerbaseoverlay.sty) (C:\Program Files\MiKTeX\tex/latex/beamer\beamerbasetitle.sty) (C:\Program Files\MiKTeX\tex/latex/beamer\beamerbasesection.sty) (C:\Program Files\MiKTeX\tex/latex/beamer\beamerbaseframe.sty) (C:\Program Files\MiKTeX\tex/latex/beamer\beamerbaseverbatim.sty) (C:\Program Files\MiKTeX\tex/latex/beamer\beamerbaseframesize.sty) (C:\Program Files\MiKTeX\tex/latex/beamer\beamerbaseframecomponents.sty) (C:\Program Files\MiKTeX\tex/latex/beamer\beamerbasecolor.sty) (C:\Program Files\MiKTeX\tex/latex/beamer\beamerbasenotes.sty) (C:\Program Files\MiKTeX\tex/latex/beamer\beamerbasetoc.sty) (C:\Program Files\MiKTeX\tex/latex/beamer\beamerbasetemplates.sty (C:\Program Files\MiKTeX\tex/latex/beamer\beamerbaseauxtemplates.sty (C:\Program Files\MiKTeX\tex/latex/beamer\beamerbaseboxes.sty))) (C:\Program Files\MiKTeX\tex/latex/beamer\beamerbaselocalstructure.sty (C:\Program Files\MiKTeX\tex/latex/tools\enumerate.sty)) (C:\Program Files\MiKTeX\tex/latex/beamer\beamerbasenavigation.sty (C:\Program Files\MiKTeX\tex/latex/beamer\beamerbasenavigationsymbols.tex)) (C:\Program Files\MiKTeX\tex/latex/beamer\beamerbasetheorems.sty (C:\Program Files\MiKTeX\tex/latex/amsmath\amsmath.sty
For additional information on amsmath, use the `?' option.
(C:\Program Files\MiKTeX\tex/latex/amsmath\amstext.sty (C:\Program Files\MiKTeX\tex/latex/amsmath\amsgen.sty)) (C:\Program Files\MiKTeX\tex/latex/amsmath\amsbsy.sty) (C:\Program Files\MiKTeX\tex/latex/amsmath\amsopn.sty)) (C:\Program Files\MiKTeX\tex/latex/amscls\amsthm.sty)) (C:\Program Files\MiKTeX\tex/latex/beamer\beamerbasethemes.sty)) (C:\Program Files\MiKTeX\tex/latex/beamer\beamerthemedefault.sty (C:\Program Files\MiKTeX\tex/latex/beamer\beamerfontthemedefault.sty) (C:\Program Files\MiKTeX\tex/latex/beamer\beamercolorthemedefault.sty) (C:\Program Files\MiKTeX\tex/latex/beamer\beamerinnerthemedefault.sty) (C:\Program Files\MiKTeX\tex/latex/beamer\beamerouterthemedefault.sty))) (C:\Program Files\MiKTeX\tex/latex/beamer\beamerthemeMadrid.sty (C:\Program Files\MiKTeX\tex/latex/beamer\beamercolorthemewhale.sty) (C:\Program Files\MiKTeX\tex/latex/beamer\beamercolorthemeorchid.sty) (C:\Program Files\MiKTeX\tex/latex/beamer\beamerinnerthemerounded.sty) (C:\Program Files\MiKTeX\tex/latex/beamer\beamerouterthemeinfolines.sty)) (C:\Program Files\MiKTeX\tex/latex/base\inputenc.sty) (C:\Program Files\MiKTeX\tex/latex/base\fontenc.sty) (C:\Program Files\MiKTeX\tex/generic/babel\babel.sty (C:\Program Files\MiKTeX\tex/generic/babel\txtbabel.def)
*************************************
* Local config file bblopts.cfg used
*
(C:\Program Files\MiKTeX\tex/latex/arabi\bblopts.cfg) (C:\Program Files\MiKTeX\tex/generic/babel/locale/es\babel-spanish.tex) (C:\Program Files\MiKTeX\tex/latex/babel-spanish\spanish.ldf)) (C:\Program Files\MiKTeX\tex/latex/booktabs\booktabs.sty) (C:\Program Files\MiKTeX\tex/latex/multirow\multirow.sty) (C:\Program Files\MiKTeX\tex/latex/tools\array.sty) (C:\Program Files\MiKTeX\tex/latex/colortbl\colortbl.sty) (C:\Program Files\MiKTeX\tex/latex/pgf/frontendlayer\tikz.sty (C:\Program Files\MiKTeX\tex/latex/pgf/basiclayer\pgf.sty (C:\Program Files\MiKTeX\tex/generic/pgf/modules\pgfmoduleshapes.code.tex) (C:\Program Files\MiKTeX\tex/generic/pgf/modules\pgfmoduleplot.code.tex) (C:\Program Files\MiKTeX\tex/latex/pgf/compatibility\pgfcomp-version-0-65.sty) (C:\Program Files\MiKTeX\tex/latex/pgf/compatibility\pgfcomp-version-1-18.sty)) (C:\Program Files\MiKTeX\tex/latex/pgf/utilities\pgffor.sty (C:\Program Files\MiKTeX\tex/generic/pgf/utilities\pgffor.code.tex)) (C:\Program Files\MiKTeX\tex/generic/pgf/frontendlayer/tikz\tikz.code.tex (C:\Program Files\MiKTeX\tex/generic/pgf/libraries\pgflibraryplothandlers.code.tex) (C:\Program Files\MiKTeX\tex/generic/pgf/modules\pgfmodulematrix.code.tex) (C:\Program Files\MiKTeX\tex/generic/pgf/frontendlayer/tikz/libraries\tikzlibrarytopaths.code.tex))) (C:\Program Files\MiKTeX\tex/generic/pgf/frontendlayer/tikz/libraries\tikzlibraryshapes.code.tex (C:\Program Files\MiKTeX\tex/generic/pgf/frontendlayer/tikz/libraries\tikzlibraryshapes.geometric.code.tex (C:\Program Files\MiKTeX\tex/generic/pgf/libraries/shapes\pgflibraryshapes.geometric.code.tex)) (C:\Program Files\MiKTeX\tex/generic/pgf/frontendlayer/tikz/libraries\tikzlibraryshapes.misc.code.tex (C:\Program Files\MiKTeX\tex/generic/pgf/libraries/shapes\pgflibraryshapes.misc.code.tex)) (C:\Program Files\MiKTeX\tex/generic/pgf/frontendlayer/tikz/libraries\tikzlibraryshapes.symbols.code.tex (C:\Program Files\MiKTeX\tex/generic/pgf/libraries/shapes\pgflibraryshapes.symbols.code.tex)) (C:\Program Files\MiKTeX\tex/generic/pgf/frontendlayer/tikz/libraries\tikzlibraryshapes.arrows.code.tex (C:\Program Files\MiKTeX\tex/generic/pgf/libraries/shapes\pgflibraryshapes.arrows.code.tex)) (C:\Program Files\MiKTeX\tex/generic/pgf/frontendlayer/tikz/libraries\tikzlibraryshapes.callouts.code.tex (C:\Program Files\MiKTeX\tex/generic/pgf/libraries/shapes\pgflibraryshapes.callouts.code.tex)) (C:\Program Files\MiKTeX\tex/generic/pgf/frontendlayer/tikz/libraries\tikzlibraryshapes.multipart.code.tex (C:\Program Files\MiKTeX\tex/generic/pgf/libraries/shapes\pgflibraryshapes.multipart.code.tex))) (C:\Program Files\MiKTeX\tex/generic/pgf/libraries\pgflibraryarrows.meta.code.tex) (C:\Program Files\MiKTeX\tex/generic/pgf/frontendlayer/tikz/libraries\tikzlibrarypositioning.code.tex) (C:\Program Files\MiKTeX\tex/generic/pgf/frontendlayer/tikz/libraries\tikzlibrarycalc.code.tex) (C:\Program Files\MiKTeX\tex/latex/pgfplots\pgfplots.sty (C:\Program Files\MiKTeX\tex/generic/pgfplots\pgfplots.revision.tex) (C:\Program Files\MiKTeX\tex/generic/pgfplots\pgfplots.code.tex (C:\Program Files\MiKTeX\tex/generic/pgfplots\pgfplotscore.code.tex (C:\Program Files\MiKTeX\tex/generic/pgfplots/sys\pgfplotssysgeneric.code.tex)) (C:\Program Files\MiKTeX\tex/generic/pgfplots/libs\pgfplotslibrary.code.tex) (C:\Program Files\MiKTeX\tex/generic/pgfplots/oldpgfcompatib\pgfplotsoldpgfsupp_loader.code.tex (C:\Program Files\MiKTeX\tex/generic/pgf/libraries\pgflibraryfpu.code.tex)
Package pgfplots: loading complementary utilities for your pgf version...
(C:\Program Files\MiKTeX\tex/generic/pgfplots/oldpgfcompatib\pgfplotsoldpgfsupp_pgfutil-common-lists.tex)) (C:\Program Files\MiKTeX\tex/generic/pgfplots/util\pgfplotsutil.code.tex (C:\Program Files\MiKTeX\tex/generic/pgfplots/liststructure\pgfplotsliststructure.code.tex) (C:\Program Files\MiKTeX\tex/generic/pgfplots/liststructure\pgfplotsliststructureext.code.tex) (C:\Program Files\MiKTeX\tex/generic/pgfplots/liststructure\pgfplotsarray.code.tex) (C:\Program Files\MiKTeX\tex/generic/pgfplots/liststructure\pgfplotsmatrix.code.tex) (C:\Program Files\MiKTeX\tex/generic/pgfplots/numtable\pgfplotstableshared.code.tex) (C:\Program Files\MiKTeX\tex/generic/pgfplots/liststructure\pgfplotsdeque.code.tex) (C:\Program Files\MiKTeX\tex/generic/pgfplots/util\pgfplotsbinary.code.tex (C:\Program Files\MiKTeX\tex/generic/pgfplots/util\pgfplotsbinary.data.code.tex)) (C:\Program Files\MiKTeX\tex/generic/pgfplots/util\pgfplotsutil.verb.code.tex) (C:\Program Files\MiKTeX\tex/generic/pgfplots/libs\pgflibrarypgfplots.surfshading.code.tex (C:\Program Files\MiKTeX\tex/generic/pgfplots/sys\pgflibrarypgfplots.surfshading.pgfsys-pdftex.def))) (C:\Program Files\MiKTeX\tex/generic/pgfplots/util\pgfplotscolormap.code.tex (C:\Program Files\MiKTeX\tex/generic/pgfplots/util\pgfplotscolor.code.tex)) (C:\Program Files\MiKTeX\tex/generic/pgfplots\pgfplotsstackedplots.code.tex) (C:\Program Files\MiKTeX\tex/generic/pgfplots\pgfplotsplothandlers.code.tex (C:\Program Files\MiKTeX\tex/generic/pgfplots\pgfplotsmeshplothandler.code.tex (C:\Program Files\MiKTeX\tex/generic/pgfplots\pgfplotsmeshplotimage.code.tex))) (C:\Program Files\MiKTeX\tex/generic/pgfplots\pgfplots.scaling.code.tex) (C:\Program Files\MiKTeX\tex/generic/pgfplots\pgfplotscoordprocessing.code.tex) (C:\Program Files\MiKTeX\tex/generic/pgfplots\pgfplots.errorbars.code.tex) (C:\Program Files\MiKTeX\tex/generic/pgfplots\pgfplots.markers.code.tex) (C:\Program Files\MiKTeX\tex/generic/pgfplots\pgfplotsticks.code.tex) (C:\Program Files\MiKTeX\tex/generic/pgfplots\pgfplots.paths.code.tex) (C:\Program Files\MiKTeX\tex/generic/pgf/frontendlayer/tikz/libraries\tikzlibrarydecorations.code.tex (C:\Program Files\MiKTeX\tex/generic/pgf/modules\pgfmoduledecorations.code.tex)) (C:\Program Files\MiKTeX\tex/generic/pgf/frontendlayer/tikz/libraries\tikzlibrarydecorations.pathmorphing.code.tex (C:\Program Files\MiKTeX\tex/generic/pgf/libraries/decorations\pgflibrarydecorations.pathmorphing.code.tex)) (C:\Program Files\MiKTeX\tex/generic/pgf/frontendlayer/tikz/libraries\tikzlibrarydecorations.pathreplacing.code.tex (C:\Program Files\MiKTeX\tex/generic/pgf/libraries/decorations\pgflibrarydecorations.pathreplacing.code.tex)) (C:\Program Files\MiKTeX\tex/generic/pgfplots/libs\tikzlibrarypgfplots.contourlua.code.tex)) (C:\Program Files\MiKTeX\tex/generic/pgf/frontendlayer/tikz/libraries\tikzlibraryplotmarks.code.tex (C:\Program Files\MiKTeX\tex/generic/pgf/libraries\pgflibraryplotmarks.code.tex))) (C:\Program Files\MiKTeX\tex/latex/psnfss\pifont.sty (C:\Program Files\MiKTeX\tex/latex/psnfss\upzd.fd) (C:\Program Files\MiKTeX\tex/latex/psnfss\upsy.fd)) (C:\Program Files\MiKTeX\tex/latex/caption\caption.sty (C:\Program Files\MiKTeX\tex/latex/caption\caption3.sty (C:\Program Files\MiKTeX\tex/latex/caption\caption-beamer.sto)))

Package hyperref Warning: Token not allowed in a PDF string (Unicode):
(hyperref)                removing `\\' on input line 66.


Package hyperref Warning: Token not allowed in a PDF string (Unicode):
(hyperref)                removing `\leavevmode@ifvmode' on input line 75.


Package hyperref Warning: Token not allowed in a PDF string (Unicode):
(hyperref)                \kern -1.95827pt
(hyperref)                removed on input line 75.


Package hyperref Warning: Token not allowed in a PDF string (Unicode):
(hyperref)                removing `\left' on input line 75.


Package hyperref Warning: Token not allowed in a PDF string (Unicode):
(hyperref)                removing `\log' on input line 75.


Package hyperref Warning: Token not allowed in a PDF string (Unicode):
(hyperref)                removing `superscript' on input line 75.


Package hyperref Warning: Token not allowed in a PDF string (Unicode):
(hyperref)                removing `\right' on input line 75.

(C:\Program Files\MiKTeX\tex/latex/l3backend\l3backend-pdftex.def) (presentacion_sssp_arreglada.aux)
*geometry* driver: auto-detecting
*geometry* detected driver: pdftex
(C:\Program Files\MiKTeX\tex/context/base/mkii\supp-pdf.mkii
[Loading MPS to PDF converter (version 2006.09.02).]
) (C:\Program Files\MiKTeX\tex/latex/epstopdf-pkg\epstopdf-base.sty (C:\Program Files\MiKTeX\tex/latex/00miktex\epstopdf-sys.cfg)) (C:\Program Files\MiKTeX\tex/latex/translator\translator-basic-dictionary-English.dict) (C:\Program Files\MiKTeX\tex/latex/translator\translator-bibliography-dictionary-English.dict) (C:\Program Files\MiKTeX\tex/latex/translator\translator-environment-dictionary-English.dict) (C:\Program Files\MiKTeX\tex/latex/translator\translator-months-dictionary-English.dict) (C:\Program Files\MiKTeX\tex/latex/translator\translator-numbers-dictionary-English.dict) (C:\Program Files\MiKTeX\tex/latex/translator\translator-theorem-dictionary-English.dict)
Package pgfplots notification 'compat/show suggested version=true': document has been generated with the most recent feature set (\pgfplotsset{compat=1.18}).

(presentacion_sssp_arreglada.nav) (C:\Program Files\MiKTeX\tex/latex/amsfonts\umsa.fd) (C:\Program Files\MiKTeX\tex/latex/amsfonts\umsb.fd) (C:\Program Files\MiKTeX\tex/latex/sansmathaccent\ot1mathkerncmss.fd)
Overfull \vbox (11.46762pt too high) detected at line 93
[1{C:/Users/YONI/AppData/Local/MiKTeX/fonts/map/pdftex/pdftex.map}]
No file presentacion_sssp_arreglada.toc.
[2] [3] [4] [5]
Overfull \hbox (8.64894pt too wide) in paragraph at lines 245--245
\T1/cmtt/m/n/10.95 std::chrono::high_resolution_clock  
[6]
Overfull \hbox (3.99788pt too wide) in paragraph at lines 286--286
 \OMS/cmsy/m/n/12 f\T1/cmss/m/n/12 1[]000\OML/cmm/m/it/12 ; [] ; \T1/cmss/m/n/12 200[]000\OMS/cmsy/m/n/12 g$| 

Overfull \hbox (37.84904pt too wide) in paragraph at lines 286--286
 \OMS/cmsy/m/n/12 f\T1/cmss/m/n/12 500\OML/cmm/m/it/12 ; \T1/cmss/m/n/12 2[]500\OML/cmm/m/it/12 ; \T1/cmss/m/n/12 12[]500\OML/cmm/m/it/12 ; \T1/cmss/m/n/12 50[]000\OMS/cmsy/m/n/12 g$| 

Overfull \vbox (52.76224pt too high) detected at line 286
[7] [8]
Overfull \vbox (15.46408pt too high) detected at line 365
[9] [10]
Overfull \hbox (4.1628pt too wide) in paragraph at lines 484--484
 [] 
[11]

LaTeX Font Warning: Font shape `T1/cmss/b/n' undefined
(Font)              using `T1/cmss/m/n' instead on input line 516.

[12]
Overfull \vbox (26.12746pt too high) detected at line 574
[13] [14]
Overfull \vbox (65.55986pt too high) detected at line 681
[15]
Overfull \hbox (7.876pt too wide) in paragraph at lines 737--737
[][] 
[16] [17] [18]
Overfull \vbox (2.27063pt too high) detected at line 842
[19]
Overfull \vbox (29.7319pt too high) detected at line 869
[20] [21]
Overfull \vbox (13.45197pt too high) detected at line 926
[22] [23] (presentacion_sssp_arreglada.aux)

LaTeX Font Warning: Some font shapes were not available, defaults substituted.


LaTeX Warning: Label(s) may have changed. Rerun to get cross-references right.


Package rerunfilecheck Warning: File `presentacion_sssp_arreglada.out' has changed.
(rerunfilecheck)                Rerun to get outlines right
(rerunfilecheck)                or use package `bookmark'.

 )
(see the transcript file for additional information) <C:\Users\YONI\AppData\Local\MiKTeX\fonts/pk/ljfour/jknappen/ec/dpi600\ecsx2074.pk> <C:\Users\YONI\AppData\Local\MiKTeX\fonts/pk/ljfour/jknappen/ec/dpi600\tcsx1095.pk> <C:\Users\YONI\AppData\Local\MiKTeX\fonts/pk/ljfour/jknappen/ec/dpi600\ecsx0600.pk>Trying to make PK font mathkerncmssi8 at 600 DPI...
The METAFONT mode is: ljfour
Running miktex-makemf.exe...


Sorry, but miktex-makemf did not succeed.



The log file hopefully contains the information to get MiKTeX going again:



  C:\Users\YONI\AppData\Local\MiKTeX\miktex\log\miktex-makemf.log

Running miktex-ttf2pk.exe...

Sorry, but miktex-makepk did not succeed.

The log file hopefully contains the information to get MiKTeX going again:

  C:\Users\YONI\AppData\Local\MiKTeX\miktex\log\miktex-makepk.log

!pdfTeX error: pdflatex (file mathkerncmssi8): Font mathkerncmssi8 at 600 not found
 ==> Fatal error occurred, no output PDF file produced!
Latexmk: fls file doesn't appear to have been made.
Latexmk: Getting log file 'presentacion_sssp_arreglada.log'
Latexmk: Examining 'presentacion_sssp_arreglada.log'
Latexmk: Missing input file 'presentacion_sssp_arreglada.toc' message in .log file:
  No file presentacion_sssp_arreglada.toc.
Latexmk: References changed.
Latexmk: References changed.
Latexmk: Errors, so I did not complete making targets
Latexmk: Sometimes, the -f option can be used to get latexmk
  to try to force complete processing.
  But normally, you will need to correct the file(s) that caused the
  error, and then rerun latexmk.
  In some cases, it is best to clean out generated files before rerunning
  latexmk after you've corrected the files.
Reverting Windows console CPs to (in,out) = (850,65001)
Collected error summary (may duplicate other messages):
  pdflatex: Command for 'pdflatex' gave return code 1
      Refer to 'presentacion_sssp_arreglada.log' and/or above output for details

