\BOOKMARK [1][-]{section.1}{\376\377\000I\000n\000t\000r\000o\000d\000u\000c\000c\000i\000\363\000n}{}% 1
\BOOKMARK [1][-]{section.2}{\376\377\000O\000b\000j\000e\000t\000i\000v\000o\000s\000\040\000d\000e\000l\000\040\000P\000r\000o\000y\000e\000c\000t\000o}{}% 2
\BOOKMARK [2][-]{subsection.2.1}{\376\377\000O\000b\000j\000e\000t\000i\000v\000o\000\040\000G\000e\000n\000e\000r\000a\000l}{section.2}% 3
\BOOKMARK [2][-]{subsection.2.2}{\376\377\000O\000b\000j\000e\000t\000i\000v\000o\000s\000\040\000E\000s\000p\000e\000c\000\355\000f\000i\000c\000o\000s\000\040\000d\000e\000\040\000l\000a\000\040\000E\000n\000t\000r\000e\000g\000a\000\040\000N\000\260\0001}{section.2}% 4
\BOOKMARK [1][-]{section.3}{\376\377\000E\000s\000t\000a\000d\000o\000\040\000d\000e\000l\000\040\000A\000r\000t\000e}{}% 5
\BOOKMARK [2][-]{subsection.3.1}{\376\377\000A\000p\000o\000r\000t\000e\000s\000\040\000C\000l\000\341\000s\000i\000c\000o\000s\000\040\000y\000\040\000F\000u\000n\000d\000a\000c\000i\000o\000n\000a\000l\000e\000s}{section.3}% 6
\BOOKMARK [2][-]{subsection.3.2}{\376\377\000M\000e\000j\000o\000r\000a\000s\000\040\000B\000a\000s\000a\000d\000a\000s\000\040\000e\000n\000\040\000E\000s\000t\000r\000u\000c\000t\000u\000r\000a\000s\000\040\000d\000e\000\040\000D\000a\000t\000o\000s}{section.3}% 7
\BOOKMARK [2][-]{subsection.3.3}{\376\377\000T\000\351\000c\000n\000i\000c\000a\000s\000\040\000d\000e\000\040\000E\000s\000c\000a\000l\000a\000d\000o\000\040\000y\000\040\000A\000p\000r\000o\000x\000i\000m\000a\000c\000i\000\363\000n}{section.3}% 8
\BOOKMARK [2][-]{subsection.3.4}{\376\377\000C\000a\000m\000i\000n\000o\000s\000\040\000M\000\341\000s\000\040\000C\000o\000r\000t\000o\000s\000\040\000D\000i\000n\000\341\000m\000i\000c\000o\000s\000\040\000y\000\040\000D\000i\000s\000t\000r\000i\000b\000u\000i\000d\000o\000s}{section.3}% 9
\BOOKMARK [2][-]{subsection.3.5}{\376\377\000A\000l\000g\000o\000r\000i\000t\000m\000o\000s\000\040\000S\000u\000b\000l\000i\000n\000e\000a\000l\000e\000s\000\040\000y\000\040\000O\000r\000\341\000c\000u\000l\000o\000s\000\040\000d\000e\000\040\000D\000i\000s\000t\000a\000n\000c\000i\000a}{section.3}% 10
\BOOKMARK [2][-]{subsection.3.6}{\376\377\000P\000u\000n\000t\000o\000\040\000d\000e\000\040\000I\000n\000f\000l\000e\000x\000i\000\363\000n\000:\000\040\000C\000o\000m\000p\000l\000e\000j\000i\000d\000a\000d\000\040\000S\000u\000b\000\363\000p\000t\000i\000m\000a\000\040\000D\000e\000t\000e\000r\000m\000i\000n\000i\000s\000t\000a}{section.3}% 11
\BOOKMARK [2][-]{subsection.3.7}{\376\377\000S\000\355\000n\000t\000e\000s\000i\000s\000\040\000d\000e\000\040\000l\000a\000\040\000R\000e\000v\000i\000s\000i\000\363\000n\000\040\000B\000i\000b\000l\000i\000o\000g\000r\000\341\000f\000i\000c\000a}{section.3}% 12
\BOOKMARK [1][-]{section.4}{\376\377\000F\000u\000n\000d\000a\000m\000e\000n\000t\000o\000s\000\040\000T\000e\000\363\000r\000i\000c\000o\000s}{}% 13
\BOOKMARK [2][-]{subsection.4.1}{\376\377\000P\000r\000o\000b\000l\000e\000m\000a\000\040\000d\000e\000\040\000C\000a\000m\000i\000n\000o\000s\000\040\000M\000\341\000s\000\040\000C\000o\000r\000t\000o\000s\000\040\000c\000o\000n\000\040\000F\000u\000e\000n\000t\000e\000\040\000\332\000n\000i\000c\000a}{section.4}% 14
\BOOKMARK [2][-]{subsection.4.2}{\376\377\000M\000o\000d\000e\000l\000o\000\040\000C\000o\000m\000p\000u\000t\000a\000c\000i\000o\000n\000a\000l\000\040\000y\000\040\000C\000o\000m\000p\000l\000e\000j\000i\000d\000a\000d}{section.4}% 15
\BOOKMARK [1][-]{section.5}{\376\377\000A\000l\000g\000o\000r\000i\000t\000m\000o\000\040\000d\000e\000\040\000D\000i\000j\000k\000s\000t\000r\000a}{}% 16
\BOOKMARK [1][-]{section.6}{\376\377\000A\000v\000a\000n\000c\000e\000s\000\040\000R\000e\000c\000i\000e\000n\000t\000e\000s\000\040\000e\000n\000\040\000A\000l\000g\000o\000r\000i\000t\000m\000o\000s\000\040\000S\000S\000S\000P}{}% 17
\BOOKMARK [2][-]{subsection.6.1}{\376\377\000I\000d\000e\000a\000s\000\040\000C\000l\000a\000v\000e\000\040\000d\000e\000l\000\040\000N\000u\000e\000v\000o\000\040\000A\000l\000g\000o\000r\000i\000t\000m\000o}{section.6}% 18
\BOOKMARK [2][-]{subsection.6.2}{\376\377\000C\000o\000m\000p\000a\000r\000a\000c\000i\000\363\000n\000\040\000C\000o\000n\000c\000e\000p\000t\000u\000a\000l\000\040\000c\000o\000n\000\040\000D\000i\000j\000k\000s\000t\000r\000a}{section.6}% 19
\BOOKMARK [1][-]{section.7}{\376\377\000C\000o\000m\000p\000a\000r\000a\000c\000i\000\363\000n\000\040\000I\000n\000i\000c\000i\000a\000l}{}% 20
\BOOKMARK [2][-]{subsection.7.1}{\376\377\000C\000o\000m\000p\000a\000r\000a\000c\000i\000\363\000n\000\040\000d\000e\000\040\000C\000o\000m\000p\000l\000e\000j\000i\000d\000a\000d\000e\000s}{section.7}% 21
\BOOKMARK [1][-]{section.8}{\376\377\000C\000o\000n\000c\000l\000u\000s\000i\000o\000n\000e\000s\000\040\000P\000r\000e\000l\000i\000m\000i\000n\000a\000r\000e\000s}{}% 22
\BOOKMARK [1][-]{section.9}{\376\377\000E\000v\000a\000l\000u\000a\000c\000i\000\363\000n\000\040\000E\000x\000p\000e\000r\000i\000m\000e\000n\000t\000a\000l\000\040\000y\000\040\000A\000p\000o\000r\000t\000e\000\040\000P\000r\000o\000p\000i\000o}{}% 23
\BOOKMARK [2][-]{subsection.9.1}{\376\377\000E\000n\000t\000o\000r\000n\000o\000\040\000e\000x\000p\000e\000r\000i\000m\000e\000n\000t\000a\000l}{section.9}% 24
\BOOKMARK [3][-]{subsubsection.9.1.1}{\376\377\000H\000a\000r\000d\000w\000a\000r\000e}{subsection.9.1}% 25
\BOOKMARK [3][-]{table.3}{\376\377\000S\000o\000f\000t\000w\000a\000r\000e}{subsection.9.1}% 26
\BOOKMARK [2][-]{subsection.9.2}{\376\377\000D\000a\000t\000o\000s\000\040\000u\000t\000i\000l\000i\000z\000a\000d\000o\000s}{section.9}% 27
\BOOKMARK [3][-]{subsubsection.9.2.1}{\376\377\000O\000r\000i\000g\000e\000n\000\040\000d\000e\000\040\000l\000o\000s\000\040\000d\000a\000t\000o\000s}{subsection.9.2}% 28
\BOOKMARK [3][-]{subsubsection.9.2.2}{\376\377\000D\000e\000s\000c\000r\000i\000p\000c\000i\000\363\000n\000\040\000d\000e\000l\000\040\000c\000o\000n\000j\000u\000n\000t\000o\000\040\000d\000e\000\040\000d\000a\000t\000o\000s}{subsection.9.2}% 29
\BOOKMARK [3][-]{subsubsection.9.2.3}{\376\377\000P\000r\000e\000p\000r\000o\000c\000e\000s\000a\000m\000i\000e\000n\000t\000o\000\040\000d\000e\000\040\000d\000a\000t\000o\000s}{subsection.9.2}% 30
\BOOKMARK [2][-]{subsection.9.3}{\376\377\000D\000i\000s\000e\000\361\000o\000\040\000e\000x\000p\000e\000r\000i\000m\000e\000n\000t\000a\000l}{section.9}% 31
\BOOKMARK [3][-]{subsubsection.9.3.1}{\376\377\000O\000b\000j\000e\000t\000i\000v\000o\000\040\000e\000x\000p\000e\000r\000i\000m\000e\000n\000t\000a\000l}{subsection.9.3}% 32
\BOOKMARK [3][-]{subsubsection.9.3.2}{\376\377\000M\000\351\000t\000r\000i\000c\000a\000s\000\040\000d\000e\000\040\000e\000v\000a\000l\000u\000a\000c\000i\000\363\000n}{subsection.9.3}% 33
\BOOKMARK [3][-]{subsubsection.9.3.3}{\376\377\000E\000s\000c\000e\000n\000a\000r\000i\000o\000s\000\040\000d\000e\000\040\000p\000r\000u\000e\000b\000a}{subsection.9.3}% 34
\BOOKMARK [3][-]{subsubsection.9.3.4}{\376\377\000C\000o\000m\000p\000a\000r\000a\000c\000i\000\363\000n\000\040\000c\000o\000n\000\040\000t\000r\000a\000b\000a\000j\000o\000s\000\040\000r\000e\000l\000a\000c\000i\000o\000n\000a\000d\000o\000s}{subsection.9.3}% 35
\BOOKMARK [2][-]{subsection.9.4}{\376\377\000I\000m\000p\000l\000e\000m\000e\000n\000t\000a\000c\000i\000\363\000n\000\040\000d\000e\000l\000\040\000s\000i\000s\000t\000e\000m\000a}{section.9}% 36
\BOOKMARK [3][-]{subsubsection.9.4.1}{\376\377\000A\000r\000q\000u\000i\000t\000e\000c\000t\000u\000r\000a}{subsection.9.4}% 37
\BOOKMARK [3][-]{subsubsection.9.4.2}{\376\377\000T\000e\000c\000n\000o\000l\000o\000g\000\355\000a\000s\000\040\000u\000t\000i\000l\000i\000z\000a\000d\000a\000s}{subsection.9.4}% 38
\BOOKMARK [2][-]{subsection.9.5}{\376\377\000E\000j\000e\000c\000u\000c\000i\000\363\000n\000\040\000d\000e\000\040\000e\000x\000p\000e\000r\000i\000m\000e\000n\000t\000o\000s}{section.9}% 39
\BOOKMARK [2][-]{subsection.9.6}{\376\377\000R\000e\000p\000r\000o\000d\000u\000c\000i\000b\000i\000l\000i\000d\000a\000d}{section.9}% 40
\BOOKMARK [1][-]{section*.9}{\376\377\000R\000e\000f\000e\000r\000e\000n\000c\000i\000a\000s}{}% 41
